#
# A fatal error has been detected by the Java Runtime Environment:
#
#  Internal Error (javaCalls.cpp:51), pid=6760, tid=0x00000190
#  guarantee(thread->is_Java_thread()) failed: crucial check - the VM thread cannot and must not escape to Java code
#
# JRE version: Java(TM) SE Runtime Environment (8.0_221-b11) (build 1.8.0_221-b11)
# Java VM: Java HotSpot(TM) Client VM (25.221-b11 mixed mode windows-x86 )
# Failed to write core dump. Minidumps are not enabled by default on client versions of Windows
#
# If you would like to submit a bug report, please visit:
#   http://bugreport.java.com/bugreport/crash.jsp
#

---------------  T H R E A D  ---------------

Current thread (0x1446f400):  VMThread [stack: 0x019c0000,0x01a10000] [id=400]

Stack: [0x019c0000,0x01a10000],  sp=0x01a0f294,  free space=316k
Native frames: (J=compiled Java code, j=interpreted, Vv=VM code, C=native code)
V  [jvm.dll+0x1ae3ab]
V  [jvm.dll+0x1a6815]
V  [jvm.dll+0x15bebe]
V  [jvm.dll+0x15c3ff]
V  [jvm.dll+0x2252be]
V  [jvm.dll+0x15c4ce]
V  [jvm.dll+0x15c856]
V  [jvm.dll+0x1a769a]
V  [jvm.dll+0x1a7704]
V  [jvm.dll+0x1a78ba]
V  [jvm.dll+0x1a7906]
V  [jvm.dll+0xb2b6b]
V  [jvm.dll+0xb4d76]
V  [jvm.dll+0xb6578]
V  [jvm.dll+0x87821]
V  [jvm.dll+0x87e9d]
V  [jvm.dll+0x87fe8]
V  [jvm.dll+0x88238]
V  [jvm.dll+0xbea1f]
V  [jvm.dll+0xce7ab]
V  [jvm.dll+0x12378d]
V  [jvm.dll+0x184f6b]
V  [jvm.dll+0x184371]
V  [jvm.dll+0x184787]
V  [jvm.dll+0x184982]
V  [jvm.dll+0x1c6b66]
C  [msvcr100.dll+0x5c556]
C  [msvcr100.dll+0x5c600]
C  [kernel32.dll+0x53c45]
C  [ntdll.dll+0x637f5]
C  [ntdll.dll+0x637c8]

VM_Operation (0x01b0f608): GetOrSetLocal, mode: safepoint, requested by thread 0x144b6400


---------------  P R O C E S S  ---------------

Java Threads: ( => current thread )
  0x156a6000 JavaThread "Okio Watchdog" daemon [_thread_blocked, id=7072, stack(0x16310000,0x16360000)]
  0x1503f000 JavaThread "Exec Stream Pumper" daemon [_thread_in_native, id=4472, stack(0x15470000,0x154c0000)]
  0x14fd8000 JavaThread "Exec Stream Pumper" daemon [_thread_in_native, id=396, stack(0x15550000,0x155a0000)]
  0x14f94400 JavaThread "Exec Default Executor" daemon [_thread_in_native, id=8092, stack(0x14ab0000,0x14b00000)]
  0x14d97000 JavaThread "ReaderThread" [_thread_in_native, id=2320, stack(0x01440000,0x01490000)]
  0x144e8400 JavaThread "Service Thread" daemon [_thread_blocked, id=7168, stack(0x14b90000,0x14be0000)]
  0x144c9c00 JavaThread "C1 CompilerThread0" daemon [_thread_blocked, id=2684, stack(0x14a60000,0x14ab0000)]
  0x144c1800 JavaThread "JDWP Command Reader" daemon [_thread_in_native, id=6424, stack(0x148e0000,0x14930000)]
  0x144c0800 JavaThread "JDWP Event Helper Thread" daemon [_thread_blocked, id=7984, stack(0x149d0000,0x14a20000)]
  0x144b6400 JavaThread "JDWP Transport Listener: dt_socket" daemon [_thread_blocked, id=5328, stack(0x01ac0000,0x01b10000)]
  0x144bd800 JavaThread "Attach Listener" daemon [_thread_blocked, id=420, stack(0x146e0000,0x14730000)]
  0x144ba800 JavaThread "Signal Dispatcher" daemon [_thread_blocked, id=1060, stack(0x14660000,0x146b0000)]
  0x1449d000 JavaThread "Finalizer" daemon [_thread_blocked, id=2656, stack(0x01a40000,0x01a90000)]
  0x14497800 JavaThread "Reference Handler" daemon [_thread_blocked, id=4936, stack(0x014d0000,0x01520000)]
  0x001dd800 JavaThread "main" [_thread_blocked, id=7132, stack(0x013f0000,0x01440000)]

Other Threads:
=>0x1446f400 VMThread [stack: 0x019c0000,0x01a10000] [id=400]
  0x14502400 WatcherThread [stack: 0x14c10000,0x14c60000] [id=7972]

VM state:at safepoint (normal execution)

VM Mutex/Monitor currently owned by a thread:  ([mutex/lock_event])
[0x001dbae8] Threads_lock - owner thread: 0x1446f400

Heap:
 def new generation   total 4992K, used 4396K [0x04000000, 0x04560000, 0x09550000)
  eden space 4480K,  86% used [0x04000000, 0x043cb308, 0x04460000)
  from space 512K, 100% used [0x04460000, 0x044e0000, 0x044e0000)
  to   space 512K,   0% used [0x044e0000, 0x044e0000, 0x04560000)
 tenured generation   total 10944K, used 6513K [0x09550000, 0x0a000000, 0x14000000)
   the space 10944K,  59% used [0x09550000, 0x09bac760, 0x09bac800, 0x0a000000)
 Metaspace       used 13380K, capacity 13894K, committed 13952K, reserved 14720K

Card table byte_map: [0x01290000,0x01320000] byte_map_base: 0x01270000

Polling page: 0x00170000

CodeCache: size=32768Kb used=1847Kb max_used=1847Kb free=30920Kb
 bounds [0x01e40000, 0x02010000, 0x03e40000]
 total_blobs=952 nmethods=768 adapters=122
 compilation: enabled

Compilation events (10 events):
Event: 45.175 Thread 0x144c9c00  772   !         org.openqa.selenium.json.Input::init (71 bytes)
Event: 45.176 Thread 0x144c9c00 nmethod 772 0x0200c8c8 code [0x0200ca40, 0x0200ce48]
Event: 45.176 Thread 0x144c9c00  773   !         java.io.StringReader::read (133 bytes)
Event: 45.176 Thread 0x144c9c00 nmethod 773 0x0200d288 code [0x0200d3d0, 0x0200d814]
Event: 45.176 Thread 0x144c9c00  774             java.io.StringReader::ensureOpen (18 bytes)
Event: 45.177 Thread 0x144c9c00 nmethod 774 0x0200dbc8 code [0x0200dcd0, 0x0200ddcc]
Event: 45.179 Thread 0x144c9c00  775             java.util.regex.Matcher::start (22 bytes)
Event: 45.179 Thread 0x144c9c00 nmethod 775 0x0200de88 code [0x0200df90, 0x0200e09c]
Event: 45.198 Thread 0x144c9c00  776             java.lang.Float::isNaN (12 bytes)
Event: 45.198 Thread 0x144c9c00 nmethod 776 0x0200e148 code [0x0200e240, 0x0200e2e0]

GC Heap History (10 events):
Event: 37.644 GC heap before
{Heap before GC invocations=10 (full 0):
 def new generation   total 4928K, used 4928K [0x04000000, 0x04550000, 0x09550000)
  eden space 4416K, 100% used [0x04000000, 0x04450000, 0x04450000)
  from space 512K, 100% used [0x04450000, 0x044d0000, 0x044d0000)
  to   space 512K,   0% used [0x044d0000, 0x044d0000, 0x04550000)
 tenured generation   total 10944K, used 6445K [0x09550000, 0x0a000000, 0x14000000)
   the space 10944K,  58% used [0x09550000, 0x09b9b728, 0x09b9b800, 0x0a000000)
 Metaspace       used 10979K, capacity 11515K, committed 11520K, reserved 11648K
Event: 37.648 GC heap after
Heap after GC invocations=11 (full 0):
 def new generation   total 4928K, used 512K [0x04000000, 0x04550000, 0x09550000)
  eden space 4416K,   0% used [0x04000000, 0x04000000, 0x04450000)
  from space 512K, 100% used [0x044d0000, 0x04550000, 0x04550000)
  to   space 512K,   0% used [0x04450000, 0x04450000, 0x044d0000)
 tenured generation   total 10944K, used 6962K [0x09550000, 0x0a000000, 0x14000000)
   the space 10944K,  63% used [0x09550000, 0x09c1c9c0, 0x09c1ca00, 0x0a000000)
 Metaspace       used 10979K, capacity 11515K, committed 11520K, reserved 11648K
}
Event: 37.953 GC heap before
{Heap before GC invocations=11 (full 0):
 def new generation   total 4928K, used 4928K [0x04000000, 0x04550000, 0x09550000)
  eden space 4416K, 100% used [0x04000000, 0x04450000, 0x04450000)
  from space 512K, 100% used [0x044d0000, 0x04550000, 0x04550000)
  to   space 512K,   0% used [0x04450000, 0x04450000, 0x044d0000)
 tenured generation   total 10944K, used 6962K [0x09550000, 0x0a000000, 0x14000000)
   the space 10944K,  63% used [0x09550000, 0x09c1c9c0, 0x09c1ca00, 0x0a000000)
 Metaspace       used 11719K, capacity 12253K, committed 12288K, reserved 12672K
Event: 37.958 GC heap after
Heap after GC invocations=12 (full 0):
 def new generation   total 4928K, used 511K [0x04000000, 0x04550000, 0x09550000)
  eden space 4416K,   0% used [0x04000000, 0x04000000, 0x04450000)
  from space 512K,  99% used [0x04450000, 0x044cfff8, 0x044d0000)
  to   space 512K,   0% used [0x044d0000, 0x044d0000, 0x04550000)
 tenured generation   total 10944K, used 7808K [0x09550000, 0x0a000000, 0x14000000)
   the space 10944K,  71% used [0x09550000, 0x09cf00d0, 0x09cf0200, 0x0a000000)
 Metaspace       used 11719K, capacity 12253K, committed 12288K, reserved 12672K
}
Event: 37.991 GC heap before
{Heap before GC invocations=12 (full 0):
 def new generation   total 4928K, used 1020K [0x04000000, 0x04550000, 0x09550000)
  eden space 4416K,  11% used [0x04000000, 0x0407f390, 0x04450000)
  from space 512K,  99% used [0x04450000, 0x044cfff8, 0x044d0000)
  to   space 512K,   0% used [0x044d0000, 0x044d0000, 0x04550000)
 tenured generation   total 10944K, used 7808K [0x09550000, 0x0a000000, 0x14000000)
   the space 10944K,  71% used [0x09550000, 0x09cf00d0, 0x09cf0200, 0x0a000000)
 Metaspace       used 11767K, capacity 12285K, committed 12288K, reserved 12672K
Event: 38.087 GC heap after
Heap after GC invocations=13 (full 1):
 def new generation   total 4992K, used 0K [0x04000000, 0x04560000, 0x09550000)
  eden space 4480K,   0% used [0x04000000, 0x04000000, 0x04460000)
  from space 512K,   0% used [0x04460000, 0x04460000, 0x044e0000)
  to   space 512K,   0% used [0x044e0000, 0x044e0000, 0x04560000)
 tenured generation   total 10944K, used 4844K [0x09550000, 0x0a000000, 0x14000000)
   the space 10944K,  44% used [0x09550000, 0x09a0b048, 0x09a0b200, 0x0a000000)
 Metaspace       used 11730K, capacity 12230K, committed 12288K, reserved 12672K
}
Event: 38.596 GC heap before
{Heap before GC invocations=13 (full 1):
 def new generation   total 4992K, used 4480K [0x04000000, 0x04560000, 0x09550000)
  eden space 4480K, 100% used [0x04000000, 0x04460000, 0x04460000)
  from space 512K,   0% used [0x04460000, 0x04460000, 0x044e0000)
  to   space 512K,   0% used [0x044e0000, 0x044e0000, 0x04560000)
 tenured generation   total 10944K, used 4844K [0x09550000, 0x0a000000, 0x14000000)
   the space 10944K,  44% used [0x09550000, 0x09a0b048, 0x09a0b200, 0x0a000000)
 Metaspace       used 12396K, capacity 12902K, committed 13056K, reserved 13696K
Event: 38.599 GC heap after
Heap after GC invocations=14 (full 1):
 def new generation   total 4992K, used 511K [0x04000000, 0x04560000, 0x09550000)
  eden space 4480K,   0% used [0x04000000, 0x04000000, 0x04460000)
  from space 512K,  99% used [0x044e0000, 0x0455fff8, 0x04560000)
  to   space 512K,   0% used [0x04460000, 0x04460000, 0x044e0000)
 tenured generation   total 10944K, used 5176K [0x09550000, 0x0a000000, 0x14000000)
   the space 10944K,  47% used [0x09550000, 0x09a5e1e0, 0x09a5e200, 0x0a000000)
 Metaspace       used 12396K, capacity 12902K, committed 13056K, reserved 13696K
}
Event: 39.109 GC heap before
{Heap before GC invocations=14 (full 1):
 def new generation   total 4992K, used 4991K [0x04000000, 0x04560000, 0x09550000)
  eden space 4480K, 100% used [0x04000000, 0x04460000, 0x04460000)
  from space 512K,  99% used [0x044e0000, 0x0455fff8, 0x04560000)
  to   space 512K,   0% used [0x04460000, 0x04460000, 0x044e0000)
 tenured generation   total 10944K, used 5176K [0x09550000, 0x0a000000, 0x14000000)
   the space 10944K,  47% used [0x09550000, 0x09a5e1e0, 0x09a5e200, 0x0a000000)
 Metaspace       used 12882K, capacity 13382K, committed 13440K, reserved 13696K
Event: 39.117 GC heap after
Heap after GC invocations=15 (full 1):
 def new generation   total 4992K, used 512K [0x04000000, 0x04560000, 0x09550000)
  eden space 4480K,   0% used [0x04000000, 0x04000000, 0x04460000)
  from space 512K, 100% used [0x04460000, 0x044e0000, 0x044e0000)
  to   space 512K,   0% used [0x044e0000, 0x044e0000, 0x04560000)
 tenured generation   total 10944K, used 6513K [0x09550000, 0x0a000000, 0x14000000)
   the space 10944K,  59% used [0x09550000, 0x09bac760, 0x09bac800, 0x0a000000)
 Metaspace       used 12882K, capacity 13382K, committed 13440K, reserved 13696K
}

Deoptimization events (0 events):
No events

Classes redefined (4 events):
Event: 166.530 Thread 0x1446f400 redefined class name=webelement.flipcartlogin, count=1
Event: 625.070 Thread 0x1446f400 redefined class name=webelement.flipcartlogin, count=2
Event: 766.066 Thread 0x1446f400 redefined class name=webelement.flipcartlogin, count=3
Event: 982.843 Thread 0x1446f400 redefined class name=webelement.flipcartlogin, count=4

Internal exceptions (10 events):
Event: 33.332 Thread 0x001dd800 Exception <a 'java/lang/NoSuchMethodError': java.lang.Object.lambda$static$0(Ljava/time/Duration;)V> (0x042af518) thrown at [C:\re\workspace\8-2-build-windows-i586-cygwin\jdk8u221\13320\hotspot\src\share\vm\interpreter\linkResolver.cpp, line 620]
Event: 33.343 Thread 0x001dd800 Exception <a 'java/net/SocketTimeoutException': Read timed out> (0x042dece8) thrown at [C:\re\workspace\8-2-build-windows-i586-cygwin\jdk8u221\13320\hotspot\src\share\vm\prims\jni.cpp, line 736]
Event: 33.370 Thread 0x001dd800 Exception <a 'java/net/SocketTimeoutException': Read timed out> (0x042f3040) thrown at [C:\re\workspace\8-2-build-windows-i586-cygwin\jdk8u221\13320\hotspot\src\share\vm\prims\jni.cpp, line 736]
Event: 33.413 Thread 0x001dd800 Exception <a 'java/net/SocketTimeoutException': Read timed out> (0x0432f880) thrown at [C:\re\workspace\8-2-build-windows-i586-cygwin\jdk8u221\13320\hotspot\src\share\vm\prims\jni.cpp, line 736]
Event: 33.493 Thread 0x001dd800 Exception <a 'java/net/SocketTimeoutException': Read timed out> (0x043a6ee0) thrown at [C:\re\workspace\8-2-build-windows-i586-cygwin\jdk8u221\13320\hotspot\src\share\vm\prims\jni.cpp, line 736]
Event: 36.619 Thread 0x001dd800 Exception <a 'java/net/SocketTimeoutException': Read timed out> (0x043baa28) thrown at [C:\re\workspace\8-2-build-windows-i586-cygwin\jdk8u221\13320\hotspot\src\share\vm\prims\jni.cpp, line 736]
Event: 36.931 Thread 0x001dd800 Exception <a 'java/net/SocketTimeoutException': Read timed out> (0x043cbe88) thrown at [C:\re\workspace\8-2-build-windows-i586-cygwin\jdk8u221\13320\hotspot\src\share\vm\prims\jni.cpp, line 736]
Event: 39.677 Thread 0x001dd800 Exception <a 'java/net/SocketTimeoutException': Read timed out> (0x043342b0) thrown at [C:\re\workspace\8-2-build-windows-i586-cygwin\jdk8u221\13320\hotspot\src\share\vm\prims\jni.cpp, line 736]
Event: 45.151 Thread 0x001dd800 Exception <a 'java/net/SocketTimeoutException': Read timed out> (0x043487a0) thrown at [C:\re\workspace\8-2-build-windows-i586-cygwin\jdk8u221\13320\hotspot\src\share\vm\prims\jni.cpp, line 736]
Event: 45.181 Thread 0x001dd800 Exception <a 'java/net/SocketTimeoutException': Read timed out> (0x043a0980) thrown at [C:\re\workspace\8-2-build-windows-i586-cygwin\jdk8u221\13320\hotspot\src\share\vm\prims\jni.cpp, line 736]

Events (10 events):
Event: 982.921 Executing VM operation: ChangeBreakpoints done
Event: 982.937 Executing VM operation: ChangeBreakpoints
Event: 982.937 Executing VM operation: ChangeBreakpoints done
Event: 982.966 Executing VM operation: ChangeBreakpoints
Event: 982.967 Executing VM operation: ChangeBreakpoints done
Event: 982.996 Executing VM operation: GetOwnedMonitorInfo
Event: 982.996 Executing VM operation: GetOwnedMonitorInfo done
Event: 982.996 Executing VM operation: GetCurrentContendedMonitor
Event: 982.996 Executing VM operation: GetCurrentContendedMonitor done
Event: 1056.952 Executing VM operation: GetOrSetLocal


Dynamic libraries:
0x01350000 - 0x01383000 	C:\Program Files\Java\jdk1.8.0_221\bin\javaw.exe
0x776b0000 - 0x777ec000 	C:\Windows\SYSTEM32\ntdll.dll
0x762a0000 - 0x76374000 	C:\Windows\system32\kernel32.dll
0x759f0000 - 0x75a3a000 	C:\Windows\system32\KERNELBASE.dll
0x76000000 - 0x760a0000 	C:\Windows\system32\ADVAPI32.dll
0x75ba0000 - 0x75c4c000 	C:\Windows\system32\msvcrt.dll
0x75fe0000 - 0x75ff9000 	C:\Windows\SYSTEM32\sechost.dll
0x77600000 - 0x776a1000 	C:\Windows\system32\RPCRT4.dll
0x77810000 - 0x778d9000 	C:\Windows\system32\USER32.dll
0x76220000 - 0x7626e000 	C:\Windows\system32\GDI32.dll
0x77800000 - 0x7780a000 	C:\Windows\system32\LPK.dll
0x76120000 - 0x761bd000 	C:\Windows\system32\USP10.dll
0x74790000 - 0x7492e000 	C:\Windows\WinSxS\x86_microsoft.windows.common-controls_6595b64144ccf1df_6.0.7601.17514_none_41e6975e2bd6f2b2\COMCTL32.dll
0x761c0000 - 0x76217000 	C:\Windows\system32\SHLWAPI.dll
0x76280000 - 0x7629f000 	C:\Windows\system32\IMM32.DLL
0x75ca0000 - 0x75d6c000 	C:\Windows\system32\MSCTF.dll
0x61150000 - 0x6120f000 	C:\Program Files\Java\jdk1.8.0_221\jre\bin\msvcr100.dll
0x5ef40000 - 0x5f315000 	C:\Program Files\Java\jdk1.8.0_221\jre\bin\client\jvm.dll
0x70330000 - 0x70337000 	C:\Windows\system32\WSOCK32.dll
0x75e60000 - 0x75e95000 	C:\Windows\system32\WS2_32.dll
0x75b00000 - 0x75b06000 	C:\Windows\system32\NSI.dll
0x73d10000 - 0x73d42000 	C:\Windows\system32\WINMM.dll
0x74d00000 - 0x74d09000 	C:\Windows\system32\VERSION.dll
0x76270000 - 0x76275000 	C:\Windows\system32\PSAPI.DLL
0x62fc0000 - 0x62fcc000 	C:\Program Files\Java\jdk1.8.0_221\jre\bin\verify.dll
0x5f610000 - 0x5f631000 	C:\Program Files\Java\jdk1.8.0_221\jre\bin\java.dll
0x63f00000 - 0x63f2b000 	C:\Program Files\Java\jdk1.8.0_221\jre\bin\jdwp.dll
0x70de0000 - 0x70de7000 	C:\Program Files\Java\jdk1.8.0_221\jre\bin\npt.dll
0x5f5f0000 - 0x5f604000 	C:\Program Files\Java\jdk1.8.0_221\jre\bin\zip.dll
0x76580000 - 0x771ca000 	C:\Windows\system32\SHELL32.dll
0x771d0000 - 0x7732c000 	C:\Windows\system32\ole32.dll
0x75800000 - 0x7580b000 	C:\Windows\system32\profapi.dll
0x70d90000 - 0x70d98000 	C:\Program Files\Java\jdk1.8.0_221\jre\bin\dt_socket.dll
0x73b90000 - 0x73ba0000 	C:\Windows\system32\NLAapi.dll
0x70ce0000 - 0x70cf0000 	C:\Windows\system32\napinsp.dll
0x70cc0000 - 0x70cd2000 	C:\Windows\system32\pnrpnsp.dll
0x75270000 - 0x752ac000 	C:\Windows\System32\mswsock.dll
0x75130000 - 0x75174000 	C:\Windows\system32\DNSAPI.dll
0x70cb0000 - 0x70cb8000 	C:\Windows\System32\winrnr.dll
0x73640000 - 0x7365c000 	C:\Windows\system32\IPHLPAPI.DLL
0x73630000 - 0x73637000 	C:\Windows\system32\WINNSI.DLL
0x734f0000 - 0x73528000 	C:\Windows\System32\fwpuclnt.dll
0x710f0000 - 0x710f6000 	C:\Windows\system32\rasadhlp.dll
0x74d90000 - 0x74d95000 	C:\Windows\System32\wshtcpip.dll
0x5f5d0000 - 0x5f5e5000 	C:\Program Files\Java\jdk1.8.0_221\jre\bin\net.dll
0x75ea0000 - 0x75fd6000 	C:\Windows\system32\urlmon.dll
0x774d0000 - 0x775c5000 	C:\Windows\system32\WININET.dll
0x76380000 - 0x7657b000 	C:\Windows\system32\iertutil.dll
0x75b10000 - 0x75b9f000 	C:\Windows\system32\OLEAUT32.dll
0x75880000 - 0x7599d000 	C:\Windows\system32\CRYPT32.dll
0x75870000 - 0x7587c000 	C:\Windows\system32\MSASN1.dll
0x75260000 - 0x75266000 	C:\Windows\System32\wship6.dll
0x752b0000 - 0x752c6000 	C:\Windows\system32\CRYPTSP.dll
0x75050000 - 0x7508b000 	C:\Windows\system32\rsaenh.dll
0x74e60000 - 0x74e77000 	C:\Windows\system32\USERENV.dll
0x75780000 - 0x7578c000 	C:\Windows\system32\CRYPTBASE.dll
0x73580000 - 0x7358d000 	C:\Windows\system32\dhcpcsvc6.DLL
0x73560000 - 0x73572000 	C:\Windows\system32\dhcpcsvc.DLL
0x6fef0000 - 0x6feff000 	C:\Program Files\Java\jdk1.8.0_221\jre\bin\nio.dll
0x630a0000 - 0x630c0000 	C:\Program Files\Java\jdk1.8.0_221\jre\bin\sunec.dll
0x741e0000 - 0x741e9000 	C:\Program Files\Java\jdk1.8.0_221\jre\bin\sunmscapi.dll
0x75730000 - 0x7577c000 	C:\Windows\system32\apphelp.dll
0x6ff70000 - 0x7005b000 	C:\Windows\system32\dbghelp.dll

VM Arguments:
jvm_args: -agentlib:jdwp=transport=dt_socket,suspend=y,address=localhost:52610 -ea -Dfile.encoding=Cp1252 
java_command: org.testng.remote.RemoteTestNG -serport 52609 -d C:\anj\seleniumjavaprograms\programs\test-output C:\Users\QA25\AppData\Local\Temp\testng-eclipse-1168601051\testng-customsuite.xml
java_class_path (initial): C:\anj\seleniumjavaprograms\programs\bin;C:\Users\QA25\Downloads\poi-4.1.0\poi-4.1.0.jar;C:\Users\QA25\Downloads\poi-4.1.0\poi-examples-4.1.0.jar;C:\Users\QA25\Downloads\poi-4.1.0\poi-excelant-4.1.0.jar;C:\Users\QA25\Downloads\poi-4.1.0\poi-ooxml-4.1.0.jar;C:\Users\QA25\Downloads\poi-4.1.0\poi-ooxml-schemas-4.1.0.jar;C:\Users\QA25\Downloads\poi-4.1.0\poi-scratchpad-4.1.0.jar;C:\Users\QA25\Downloads\poi-4.1.0\lib\activation-1.1.1.jar;C:\Users\QA25\Downloads\poi-4.1.0\lib\commons-codec-1.12.jar;C:\Users\QA25\Downloads\poi-4.1.0\lib\commons-collections4-4.3.jar;C:\Users\QA25\Downloads\poi-4.1.0\lib\commons-compress-1.18.jar;C:\Users\QA25\Downloads\poi-4.1.0\lib\commons-logging-1.2.jar;C:\Users\QA25\Downloads\poi-4.1.0\lib\commons-math3-3.6.1.jar;C:\Users\QA25\Downloads\poi-4.1.0\lib\jaxb-api-2.3.0.jar;C:\Users\QA25\Downloads\poi-4.1.0\lib\jaxb-core-2.3.0.1.jar;C:\Users\QA25\Downloads\poi-4.1.0\lib\jaxb-impl-2.3.0.1.jar;C:\Users\QA25\Downloads\poi-4.1.0\lib\junit-4.12.jar;C:\Users\QA25\Downloads\poi-4.1.0\lib\log4j-1.2.17.jar;C:\Users\QA25\Downloads\poi-4.1.0\ooxml-lib\curvesapi-1.06.jar;C:\Users\QA25\Downloads\poi-4.1.0\ooxml-lib\xmlbeans-3.1.0.jar;C:\Users\QA25\Downloads\eclipse\plugins\org.testng.eclipse_6.9.10.201512240000\lib\testng.jar;C:\Users\QA25\Downloads\eclipse\plugins\org.testng.eclipse_6.9.10.201512240000\lib\jcommander.jar;C:\Users\QA25\Downloads\eclipse\plugins\org.testng.eclipse_6.9.10.201512240000\lib\bsh-2.0b4.jar;C:\Users\QA25\Downloads\eclipse\plugins\org.testng.eclipse_6.9.10.201512240000\lib\snakeyaml.jar;D:\jarfiles\selenium-server-standalone-3.141.59.jar
Launcher Type: SUN_STANDARD

Environment Variables:
PATH=C:\Program Files\Java\jdk1.8.0_221\jre\bin;C:/Program Files/Java/jdk1.8.0_221/bin/../jre/bin/client;C:/Program Files/Java/jdk1.8.0_221/bin/../jre/bin;C:/Program Files/Java/jdk1.8.0_221/bin/../jre/lib/i386;C:\Program Files\Java\jdk1.8.0_221\bin;C:\Users\QA25\Downloads\eclipse;
USERNAME=QA25
OS=Windows_NT
PROCESSOR_IDENTIFIER=x86 Family 16 Model 6 Stepping 3, AuthenticAMD



---------------  S Y S T E M  ---------------

OS: Windows 7 Build 7601 (6.1.7601.17514)

CPU:total 2 (initial active 2) (2 cores per cpu, 1 threads per core) family 16 model 6 stepping 3, cmov, cx8, fxsr, mmx, sse, sse2, sse3, popcnt, mmxext, 3dnowpref, lzcnt, sse4a, tsc, tscinvbit, tscinv

Memory: 4k page, physical 1834152k(195908k free), swap 3989352k(1203048k free)

vm_info: Java HotSpot(TM) Client VM (25.221-b11) for windows-x86 JRE (1.8.0_221-b11), built on Jul  4 2019 19:25:56 by "java_re" with MS VC++ 10.0 (VS2010)

time: Fri Aug 23 18:36:08 2019
timezone: India Standard Time
elapsed time: 1057 seconds (0d 0h 17m 37s)

